#
# There is insufficient memory for the Java Runtime Environment to continue.
# Native memory allocation (malloc) failed to allocate 742736 bytes for Chunk::new
# Possible reasons:
#   The system is out of physical RAM or swap space
#   The process is running with CompressedOops enabled, and the Java Heap may be blocking the growth of the native heap
# Possible solutions:
#   Reduce memory load on the system
#   Increase physical memory or swap space
#   Check if swap backing store is full
#   Decrease Java heap size (-Xmx/-Xms)
#   Decrease number of Java threads
#   Decrease Java thread stack sizes (-Xss)
#   Set larger code cache with -XX:ReservedCodeCacheSize=
#   JVM is running with Unscaled Compressed Oops mode in which the Java heap is
#     placed in the first 4GB address space. The Java Heap base address is the
#     maximum limit for the native heap growth. Please use -XX:HeapBaseMinAddress
#     to set the Java Heap base and to place the Java Heap above 4GB virtual address.
# This output file may be truncated or incomplete.
#
#  Out of Memory Error (allocation.cpp:389), pid=7148, tid=0x0000000000000510
#
# JRE version: OpenJDK Runtime Environment (8.0_242-b01) (build 1.8.0_242-release-1644-b01)
# Java VM: OpenJDK 64-Bit Server VM (25.242-b01 mixed mode windows-amd64 compressed oops)
# Failed to write core dump. Minidumps are not enabled by default on client versions of Windows
#

---------------  T H R E A D  ---------------

Current thread (0x0000000017a9a000):  JavaThread "C2 CompilerThread1" daemon [_thread_in_native, id=1296, stack(0x0000000019200000,0x0000000019300000)]

Stack: [0x0000000019200000,0x0000000019300000]
[error occurred during error reporting (printing stack bounds), id 0xc0000005]

Native frames: (J=compiled Java code, j=interpreted, Vv=VM code, C=native code)


Current CompileTask:
C2: 164538 14177       4       org.gradle.internal.service.DefaultServiceRegistry$OwnServices$ProviderAnalyser::analyseType (114 bytes)


---------------  P R O C E S S  ---------------

Java Threads: ( => current thread )
  0x000000001e5cc800 JavaThread "Build operations Thread 4" [_thread_blocked, id=7016, stack(0x00000000236f0000,0x00000000237f0000)]
  0x000000001e5ce000 JavaThread "Build operations Thread 3" [_thread_blocked, id=6536, stack(0x00000000235f0000,0x00000000236f0000)]
  0x000000001e5cb800 JavaThread "Build operations Thread 2" [_thread_blocked, id=1820, stack(0x0000000021550000,0x0000000021650000)]
  0x000000001e5cb000 JavaThread "Build operations" [_thread_blocked, id=5376, stack(0x00000000202a0000,0x00000000203a0000)]
  0x000000001e5c6800 JavaThread "Cache worker for cache directory md-rule (C:\Users\Geiger\.gradle\caches\6.5\md-rule)" [_thread_blocked, id=5724, stack(0x000000001fee0000,0x000000001ffe0000)]
  0x000000001e5c5000 JavaThread "Cache worker for cache directory md-supplier (C:\Users\Geiger\.gradle\caches\6.5\md-supplier)" [_thread_blocked, id=4132, stack(0x000000001fde0000,0x000000001fee0000)]
  0x000000001e5be800 JavaThread "Cache worker for checksums cache (D:\AndroidStudio\AGFlix\.gradle\checksums)" [_thread_blocked, id=6756, stack(0x000000001fce0000,0x000000001fde0000)]
  0x000000001e5c3800 JavaThread "Cache worker for file hash cache (D:\AndroidStudio\AGFlix\.gradle\6.5\fileHashes)" [_thread_blocked, id=3708, stack(0x000000001d540000,0x000000001d640000)]
  0x000000001e5c4000 JavaThread "Thread-252" [_thread_blocked, id=5544, stack(0x000000001d240000,0x000000001d340000)]
  0x000000001e5c2800 JavaThread "Stdin handler" [_thread_blocked, id=6964, stack(0x000000001cf40000,0x000000001d040000)]
  0x000000001e5c1000 JavaThread "Asynchronous log dispatcher for DefaultDaemonConnection: socket connection from /127.0.0.1:50571 to /127.0.0.1:50656" [_thread_blocked, id=4284, stack(0x000000001c8e0000,0x000000001c9e0000)]
  0x000000001e5c5800 JavaThread "Cancel handler" [_thread_blocked, id=3304, stack(0x0000000001300000,0x0000000001400000)]
  0x000000001e5c1800 JavaThread "Handler for socket connection from /127.0.0.1:50571 to /127.0.0.1:50656" [_thread_in_native, id=2568, stack(0x0000000001200000,0x0000000001300000)]
  0x000000001ee0a800 JavaThread "jar transforms Thread 188" [_thread_blocked, id=6100, stack(0x0000000029670000,0x0000000029770000)]
  0x000000001ee03000 JavaThread "jar transforms Thread 187" [_thread_blocked, id=6812, stack(0x0000000029570000,0x0000000029670000)]
  0x000000001ee09800 JavaThread "jar transforms Thread 186" [_thread_blocked, id=5208, stack(0x0000000029470000,0x0000000029570000)]
  0x000000001ee02000 JavaThread "jar transforms Thread 185" [_thread_blocked, id=3940, stack(0x0000000029370000,0x0000000029470000)]
  0x000000001ee07800 JavaThread "jar transforms Thread 184" [_thread_blocked, id=4312, stack(0x0000000029270000,0x0000000029370000)]
  0x000000001ee09000 JavaThread "jar transforms Thread 183" [_thread_blocked, id=4548, stack(0x0000000029170000,0x0000000029270000)]
  0x000000001ee01800 JavaThread "jar transforms Thread 182" [_thread_blocked, id=5536, stack(0x0000000029070000,0x0000000029170000)]
  0x000000001ee06000 JavaThread "jar transforms Thread 181" [_thread_blocked, id=1808, stack(0x0000000028f70000,0x0000000029070000)]
  0x000000001ee08000 JavaThread "jar transforms Thread 180" [_thread_blocked, id=6460, stack(0x0000000028e70000,0x0000000028f70000)]
  0x000000001ee04800 JavaThread "jar transforms Thread 179" [_thread_blocked, id=7092, stack(0x0000000028d70000,0x0000000028e70000)]
  0x000000001ee06800 JavaThread "jar transforms Thread 178" [_thread_blocked, id=3984, stack(0x0000000028c70000,0x0000000028d70000)]
  0x0000000021076800 JavaThread "jar transforms Thread 177" [_thread_blocked, id=6720, stack(0x0000000028b70000,0x0000000028c70000)]
  0x0000000021075800 JavaThread "jar transforms Thread 176" [_thread_blocked, id=1684, stack(0x0000000028a70000,0x0000000028b70000)]
  0x0000000021075000 JavaThread "jar transforms Thread 175" [_thread_blocked, id=4440, stack(0x0000000028970000,0x0000000028a70000)]
  0x0000000021073800 JavaThread "jar transforms Thread 174" [_thread_blocked, id=800, stack(0x0000000028870000,0x0000000028970000)]
  0x0000000021077000 JavaThread "jar transforms Thread 173" [_thread_blocked, id=4008, stack(0x0000000028770000,0x0000000028870000)]
  0x0000000021072800 JavaThread "jar transforms Thread 172" [_thread_blocked, id=2352, stack(0x0000000028670000,0x0000000028770000)]
  0x0000000021074000 JavaThread "jar transforms Thread 171" [_thread_blocked, id=7152, stack(0x0000000028570000,0x0000000028670000)]
  0x000000002106b000 JavaThread "jar transforms Thread 170" [_thread_blocked, id=3732, stack(0x0000000028470000,0x0000000028570000)]
  0x0000000021072000 JavaThread "jar transforms Thread 169" [_thread_blocked, id=5436, stack(0x0000000028370000,0x0000000028470000)]
  0x0000000021071000 JavaThread "jar transforms Thread 168" [_thread_blocked, id=7036, stack(0x0000000028270000,0x0000000028370000)]
  0x0000000021070800 JavaThread "jar transforms Thread 167" [_thread_blocked, id=7064, stack(0x0000000028170000,0x0000000028270000)]
  0x000000002106f800 JavaThread "jar transforms Thread 166" [_thread_blocked, id=4384, stack(0x0000000028070000,0x0000000028170000)]
  0x000000002106c800 JavaThread "jar transforms Thread 165" [_thread_blocked, id=2332, stack(0x0000000027f70000,0x0000000028070000)]
  0x000000002106a800 JavaThread "jar transforms Thread 164" [_thread_blocked, id=6048, stack(0x0000000027e70000,0x0000000027f70000)]
  0x0000000021068000 JavaThread "jar transforms Thread 163" [_thread_blocked, id=2368, stack(0x0000000027d70000,0x0000000027e70000)]
  0x000000002106f000 JavaThread "jar transforms Thread 162" [_thread_blocked, id=4180, stack(0x0000000027c70000,0x0000000027d70000)]
  0x000000002106e000 JavaThread "jar transforms Thread 161" [_thread_blocked, id=848, stack(0x0000000027b70000,0x0000000027c70000)]
  0x000000002106c000 JavaThread "jar transforms Thread 160" [_thread_blocked, id=1408, stack(0x0000000027a70000,0x0000000027b70000)]
  0x000000002106d800 JavaThread "jar transforms Thread 159" [_thread_blocked, id=4900, stack(0x0000000027970000,0x0000000027a70000)]
  0x0000000021069800 JavaThread "jar transforms Thread 158" [_thread_blocked, id=4216, stack(0x0000000027870000,0x0000000027970000)]
  0x0000000021069000 JavaThread "jar transforms Thread 157" [_thread_blocked, id=416, stack(0x0000000027770000,0x0000000027870000)]
  0x000000001bf68000 JavaThread "jar transforms Thread 156" [_thread_blocked, id=4224, stack(0x0000000027670000,0x0000000027770000)]
  0x000000001bf67000 JavaThread "jar transforms Thread 155" [_thread_blocked, id=644, stack(0x0000000027570000,0x0000000027670000)]
  0x000000001bf68800 JavaThread "jar transforms Thread 154" [_thread_blocked, id=5588, stack(0x0000000027470000,0x0000000027570000)]
  0x000000001bf66800 JavaThread "jar transforms Thread 153" [_thread_blocked, id=1812, stack(0x0000000027370000,0x0000000027470000)]
  0x000000001bf65800 JavaThread "jar transforms Thread 152" [_thread_blocked, id=2784, stack(0x0000000027270000,0x0000000027370000)]
  0x000000001bf65000 JavaThread "jar transforms Thread 151" [_thread_blocked, id=6604, stack(0x0000000027170000,0x0000000027270000)]
  0x000000001bf6b800 JavaThread "jar transforms Thread 150" [_thread_blocked, id=5580, stack(0x0000000027070000,0x0000000027170000)]
  0x000000001bf69800 JavaThread "jar transforms Thread 149" [_thread_blocked, id=6096, stack(0x0000000026f70000,0x0000000027070000)]
  0x000000001bf6a000 JavaThread "jar transforms Thread 148" [_thread_blocked, id=4876, stack(0x0000000026e70000,0x0000000026f70000)]
  0x000000001bf6b000 JavaThread "jar transforms Thread 147" [_thread_blocked, id=3716, stack(0x0000000026d70000,0x0000000026e70000)]
  0x000000001b733800 JavaThread "jar transforms Thread 146" [_thread_blocked, id=1224, stack(0x0000000026c70000,0x0000000026d70000)]
  0x000000001b733000 JavaThread "jar transforms Thread 145" [_thread_blocked, id=6644, stack(0x0000000026b70000,0x0000000026c70000)]
  0x000000001b739800 JavaThread "jar transforms Thread 144" [_thread_blocked, id=4436, stack(0x0000000026a70000,0x0000000026b70000)]
  0x000000001b736000 JavaThread "jar transforms Thread 143" [_thread_blocked, id=224, stack(0x0000000026970000,0x0000000026a70000)]
  0x000000001b734800 JavaThread "jar transforms Thread 142" [_thread_blocked, id=6932, stack(0x0000000026870000,0x0000000026970000)]
  0x0000000020e23800 JavaThread "jar transforms Thread 141" [_thread_blocked, id=4848, stack(0x0000000026770000,0x0000000026870000)]
  0x0000000020e2a000 JavaThread "jar transforms Thread 140" [_thread_blocked, id=7004, stack(0x0000000026670000,0x0000000026770000)]
  0x0000000020e26800 JavaThread "jar transforms Thread 139" [_thread_blocked, id=5568, stack(0x0000000026570000,0x0000000026670000)]
  0x0000000020e28800 JavaThread "jar transforms Thread 138" [_thread_blocked, id=7056, stack(0x0000000026470000,0x0000000026570000)]
  0x0000000020e25800 JavaThread "jar transforms Thread 137" [_thread_blocked, id=5816, stack(0x0000000026370000,0x0000000026470000)]
  0x0000000020e28000 JavaThread "jar transforms Thread 136" [_thread_blocked, id=5828, stack(0x00000000260f0000,0x00000000261f0000)]
  0x0000000020e27000 JavaThread "jar transforms Thread 135" [_thread_blocked, id=3656, stack(0x0000000025ff0000,0x00000000260f0000)]
  0x0000000020e24000 JavaThread "jar transforms Thread 134" [_thread_blocked, id=3296, stack(0x0000000025ef0000,0x0000000025ff0000)]
  0x000000001fbe7000 JavaThread "jar transforms Thread 133" [_thread_blocked, id=6936, stack(0x0000000025df0000,0x0000000025ef0000)]
  0x000000001fbe6800 JavaThread "jar transforms Thread 132" [_thread_blocked, id=6356, stack(0x0000000025cf0000,0x0000000025df0000)]
  0x000000001fbe8000 JavaThread "jar transforms Thread 131" [_thread_blocked, id=6676, stack(0x0000000025bf0000,0x0000000025cf0000)]
  0x000000001fbe5000 JavaThread "jar transforms Thread 130" [_thread_blocked, id=2316, stack(0x0000000025af0000,0x0000000025bf0000)]
  0x000000001fbe5800 JavaThread "jar transforms Thread 129" [_thread_blocked, id=6664, stack(0x00000000259f0000,0x0000000025af0000)]
  0x000000001fbe9800 JavaThread "jar transforms Thread 128" [_thread_blocked, id=6504, stack(0x00000000258f0000,0x00000000259f0000)]
  0x000000001fbe8800 JavaThread "jar transforms Thread 127" [_thread_blocked, id=5276, stack(0x00000000257f0000,0x00000000258f0000)]
  0x000000001fbdd800 JavaThread "jar transforms Thread 126" [_thread_blocked, id=7112, stack(0x00000000256f0000,0x00000000257f0000)]
  0x000000001fbe2800 JavaThread "jar transforms Thread 125" [_thread_blocked, id=5756, stack(0x00000000255f0000,0x00000000256f0000)]
  0x000000001fbe2000 JavaThread "jar transforms Thread 124" [_thread_blocked, id=6040, stack(0x00000000254f0000,0x00000000255f0000)]
  0x000000001fbdf800 JavaThread "jar transforms Thread 123" [_thread_blocked, id=5924, stack(0x00000000253f0000,0x00000000254f0000)]
  0x000000001fbe4000 JavaThread "jar transforms Thread 122" [_thread_blocked, id=6196, stack(0x00000000252f0000,0x00000000253f0000)]
  0x000000001fbe3800 JavaThread "jar transforms Thread 121" [_thread_blocked, id=972, stack(0x00000000251f0000,0x00000000252f0000)]
  0x000000001fbda800 JavaThread "jar transforms Thread 120" [_thread_blocked, id=6752, stack(0x00000000250f0000,0x00000000251f0000)]
  0x000000001fbe0800 JavaThread "jar transforms Thread 119" [_thread_blocked, id=3848, stack(0x0000000024ff0000,0x00000000250f0000)]
  0x000000001fbdc800 JavaThread "jar transforms Thread 118" [_thread_blocked, id=7104, stack(0x0000000024ef0000,0x0000000024ff0000)]
  0x000000001fbdb000 JavaThread "jar transforms Thread 117" [_thread_blocked, id=5852, stack(0x0000000024df0000,0x0000000024ef0000)]
  0x000000001e194800 JavaThread "jar transforms Thread 116" [_thread_blocked, id=4044, stack(0x0000000024cf0000,0x0000000024df0000)]
  0x000000001e195000 JavaThread "jar transforms Thread 115" [_thread_blocked, id=5312, stack(0x0000000024bf0000,0x0000000024cf0000)]
  0x000000001e191000 JavaThread "jar transforms Thread 114" [_thread_blocked, id=2756, stack(0x0000000024af0000,0x0000000024bf0000)]
  0x000000001e193800 JavaThread "jar transforms Thread 113" [_thread_blocked, id=7060, stack(0x00000000249f0000,0x0000000024af0000)]
  0x000000001e190800 JavaThread "jar transforms Thread 112" [_thread_blocked, id=6768, stack(0x00000000248f0000,0x00000000249f0000)]
  0x000000001e196000 JavaThread "jar transforms Thread 111" [_thread_blocked, id=3824, stack(0x00000000247f0000,0x00000000248f0000)]
  0x000000001e193000 JavaThread "jar transforms Thread 110" [_thread_blocked, id=3532, stack(0x00000000246f0000,0x00000000247f0000)]
  0x000000001e192000 JavaThread "jar transforms Thread 109" [_thread_blocked, id=6580, stack(0x00000000245f0000,0x00000000246f0000)]
  0x000000001e189000 JavaThread "jar transforms Thread 108" [_thread_blocked, id=4140, stack(0x00000000244f0000,0x00000000245f0000)]
  0x000000001e18f800 JavaThread "jar transforms Thread 107" [_thread_blocked, id=3412, stack(0x00000000243f0000,0x00000000244f0000)]
  0x000000001e188000 JavaThread "jar transforms Thread 106" [_thread_blocked, id=6816, stack(0x00000000242f0000,0x00000000243f0000)]
  0x000000001e18f000 JavaThread "jar transforms Thread 105" [_thread_blocked, id=1748, stack(0x00000000241f0000,0x00000000242f0000)]
  0x000000001e18a800 JavaThread "jar transforms Thread 104" [_thread_blocked, id=5616, stack(0x00000000240f0000,0x00000000241f0000)]
  0x000000001e187800 JavaThread "jar transforms Thread 103" [_thread_blocked, id=308, stack(0x0000000023ff0000,0x00000000240f0000)]
  0x000000001e189800 JavaThread "jar transforms Thread 102" [_thread_blocked, id=1152, stack(0x0000000023ef0000,0x0000000023ff0000)]
  0x000000001e18e000 JavaThread "jar transforms Thread 101" [_thread_blocked, id=1288, stack(0x0000000023df0000,0x0000000023ef0000)]
  0x000000001e18b000 JavaThread "jar transforms Thread 100" [_thread_blocked, id=3668, stack(0x0000000023cf0000,0x0000000023df0000)]
  0x000000001e186800 JavaThread "jar transforms Thread 99" [_thread_blocked, id=6228, stack(0x0000000023bf0000,0x0000000023cf0000)]
  0x0000000021396800 JavaThread "jar transforms Thread 98" [_thread_blocked, id=1380, stack(0x0000000023af0000,0x0000000023bf0000)]
  0x0000000021391800 JavaThread "jar transforms Thread 97" [_thread_blocked, id=3368, stack(0x00000000239f0000,0x0000000023af0000)]
  0x0000000021394800 JavaThread "jar transforms Thread 96" [_thread_blocked, id=3124, stack(0x00000000238f0000,0x00000000239f0000)]
  0x0000000021393800 JavaThread "jar transforms Thread 95" [_thread_blocked, id=3936, stack(0x00000000237f0000,0x00000000238f0000)]
  0x000000002138e800 JavaThread "Daemon worker Thread 2" [_thread_in_native, id=4256, stack(0x000000001c7e0000,0x000000001c8e0000)]
  0x000000002138b800 JavaThread "Daemon Thread 2" [_thread_blocked, id=2300, stack(0x0000000001100000,0x0000000001200000)]
  0x000000001fbe1000 JavaThread "Cache worker for Java compile cache (C:\Users\Geiger\.gradle\caches\6.5\javaCompile)" [_thread_blocked, id=5904, stack(0x000000002c4f0000,0x000000002c5f0000)]
  0x0000000021397800 JavaThread "Memory manager" [_thread_blocked, id=764, stack(0x000000002acf0000,0x000000002adf0000)]
  0x000000001b737800 JavaThread "Cache worker for file content cache (C:\Users\Geiger\.gradle\caches\6.5\fileContent)" [_thread_blocked, id=6620, stack(0x0000000021f20000,0x0000000022020000)]
  0x000000001b735000 JavaThread "Cache worker for execution history cache (C:\Users\Geiger\.gradle\caches\6.5\executionHistory)" [_thread_blocked, id=2020, stack(0x0000000021450000,0x0000000021550000)]
  0x000000001b739000 JavaThread "Cache worker for file hash cache (C:\Users\Geiger\.gradle\caches\6.5\fileHashes)" [_thread_blocked, id=5408, stack(0x000000001da40000,0x000000001db40000)]
  0x000000001b738000 JavaThread "File lock request listener" [_thread_in_native, id=2296, stack(0x000000001d940000,0x000000001da40000)]
  0x000000001b760000 JavaThread "Cache worker for journal cache (C:\Users\Geiger\.gradle\caches\journal-1)" [_thread_blocked, id=4352, stack(0x000000001d840000,0x000000001d940000)]
  0x000000001b422000 JavaThread "Daemon periodic checks" [_thread_blocked, id=6704, stack(0x000000001cc40000,0x000000001cd40000)]
  0x000000001b3b1800 JavaThread "Incoming local TCP Connector on port 50571" [_thread_in_native, id=6896, stack(0x000000001c9e0000,0x000000001cae0000)]
  0x000000001b077800 JavaThread "Daemon health stats" [_thread_blocked, id=2660, stack(0x000000001c3a0000,0x000000001c4a0000)]
  0x0000000019433800 JavaThread "Service Thread" daemon [_thread_blocked, id=5600, stack(0x0000000019800000,0x0000000019900000)]
  0x0000000017a9d800 JavaThread "C1 CompilerThread2" daemon [_thread_blocked, id=5284, stack(0x0000000019300000,0x0000000019400000)]
=>0x0000000017a9a000 JavaThread "C2 CompilerThread1" daemon [_thread_in_native, id=1296, stack(0x0000000019200000,0x0000000019300000)]
  0x0000000017a92000 JavaThread "C2 CompilerThread0" daemon [_thread_in_native, id=408, stack(0x0000000019100000,0x0000000019200000)]
  0x0000000017a96000 JavaThread "Attach Listener" daemon [_thread_blocked, id=2468, stack(0x0000000019000000,0x0000000019100000)]
  0x0000000017a94800 JavaThread "Signal Dispatcher" daemon [_thread_blocked, id=1244, stack(0x0000000018f00000,0x0000000019000000)]
  0x0000000002e6c000 JavaThread "Finalizer" daemon [_thread_blocked, id=4812, stack(0x0000000018cf0000,0x0000000018df0000)]
  0x0000000017a79000 JavaThread "Reference Handler" daemon [_thread_blocked, id=6968, stack(0x0000000018bf0000,0x0000000018cf0000)]
  0x000000000149d800 JavaThread "main" [_thread_blocked, id=6748, stack(0x0000000002c60000,0x0000000002d60000)]

Other Threads:
  0x0000000017a56000 VMThread [stack: 0x0000000018af0000,0x0000000018bf0000] [id=3268]
  0x0000000019434000 WatcherThread [stack: 0x0000000019900000,0x0000000019a00000] [id=5196]

VM state:not at safepoint (normal execution)

VM Mutex/Monitor currently owned by a thread: None

heap address: 0x0000000080000000, size: 2048 MB, Compressed Oops mode: 32-bit
Narrow klass base: 0x0000000000000000, Narrow klass shift: 3
Compressed class space size: 1073741824 Address: 0x0000000100000000

Heap:
 PSYoungGen      total 459776K, used 257266K [0x00000000d5580000, 0x00000000f3c00000, 0x0000000100000000)
  eden space 437760K, 53% used [0x00000000d5580000,0x00000000e3b74be0,0x00000000f0100000)
  from space 22016K, 98% used [0x00000000f2680000,0x00000000f3bc7f18,0x00000000f3c00000)
  to   space 30208K, 0% used [0x00000000f0100000,0x00000000f0100000,0x00000000f1e80000)
 ParOldGen       total 107520K, used 53426K [0x0000000080000000, 0x0000000086900000, 0x00000000d5580000)
  object space 107520K, 49% used [0x0000000080000000,0x000000008342c8f0,0x0000000086900000)
 Metaspace       used 91393K, capacity 96278K, committed 96408K, reserved 1132544K
  class space    used 12235K, capacity 13162K, committed 13232K, reserved 1048576K

Card table byte_map: [0x0000000012230000,0x0000000012640000] byte_map_base: 0x0000000011e30000

Marking Bits: (ParMarkBitMap*) 0x000000007575f030
 Begin Bits: [0x0000000012cf0000, 0x0000000014cf0000)
 End Bits:   [0x0000000014cf0000, 0x0000000016cf0000)

Polling page: 0x0000000001420000

CodeCache: size=245760Kb used=38005Kb max_used=38005Kb free=207754Kb
 bounds [0x0000000002e70000, 0x00000000053c0000, 0x0000000011e70000]
 total_blobs=12884 nmethods=12013 adapters=782
 compilation: enabled

Compilation events (10 events):
Event: 164.518 Thread 0x0000000017a9d800 14348       1       org.gradle.api.internal.file.BaseDirFileResolver::getBaseDir (5 bytes)
Event: 164.518 Thread 0x0000000017a9d800 nmethod 14348 0x00000000053b4410 code [0x00000000053b4560, 0x00000000053b4670]
Event: 164.518 Thread 0x0000000017a9d800 14349   !   3       org.codehaus.groovy.runtime.callsite.PogoMetaMethodSite::nonParamCheck (73 bytes)
Event: 164.519 Thread 0x0000000017a9d800 nmethod 14349 0x00000000053b46d0 code [0x00000000053b48e0, 0x00000000053b57c8]
Event: 164.519 Thread 0x0000000017a9d800 14350   !   3       groovy.lang.MetaMethod::doMethodInvoke (22 bytes)
Event: 164.519 Thread 0x0000000017a9d800 nmethod 14350 0x00000000053b5f10 code [0x00000000053b60c0, 0x00000000053b6728]
Event: 164.519 Thread 0x0000000017a9d800 14351   !   3       org.gradle.api.internal.model.NamedObjectInstantiator::named (56 bytes)
Event: 164.522 Thread 0x0000000017a9d800 nmethod 14351 0x00000000053b68d0 code [0x00000000053b6ba0, 0x00000000053b7e38]
Event: 164.522 Thread 0x0000000017a9d800 14352       3       org.gradle.api.internal.provider.Collectors$SingleElement::<init> (10 bytes)
Event: 164.522 Thread 0x0000000017a9d800 nmethod 14352 0x00000000053b91d0 code [0x00000000053b9320, 0x00000000053b94f0]

GC Heap History (10 events):
Event: 5.359 GC heap before
{Heap before GC invocations=11 (full 2):
 PSYoungGen      total 249344K, used 239104K [0x00000000d5580000, 0x00000000e5b00000, 0x0000000100000000)
  eden space 239104K, 100% used [0x00000000d5580000,0x00000000e3f00000,0x00000000e3f00000)
  from space 10240K, 0% used [0x00000000e5100000,0x00000000e5100000,0x00000000e5b00000)
  to   space 14336K, 0% used [0x00000000e3f00000,0x00000000e3f00000,0x00000000e4d00000)
 ParOldGen       total 68096K, used 14562K [0x0000000080000000, 0x0000000084280000, 0x00000000d5580000)
  object space 68096K, 21% used [0x0000000080000000,0x0000000080e38840,0x0000000084280000)
 Metaspace       used 46767K, capacity 48604K, committed 48680K, reserved 1091584K
  class space    used 6323K, capacity 6680K, committed 6704K, reserved 1048576K
Event: 5.379 GC heap after
Heap after GC invocations=11 (full 2):
 PSYoungGen      total 253440K, used 14322K [0x00000000d5580000, 0x00000000ec600000, 0x0000000100000000)
  eden space 239104K, 0% used [0x00000000d5580000,0x00000000d5580000,0x00000000e3f00000)
  from space 14336K, 99% used [0x00000000e3f00000,0x00000000e4cfc828,0x00000000e4d00000)
  to   space 18432K, 0% used [0x00000000eb400000,0x00000000eb400000,0x00000000ec600000)
 ParOldGen       total 68096K, used 19133K [0x0000000080000000, 0x0000000084280000, 0x00000000d5580000)
  object space 68096K, 28% used [0x0000000080000000,0x00000000812af550,0x0000000084280000)
 Metaspace       used 46767K, capacity 48604K, committed 48680K, reserved 1091584K
  class space    used 6323K, capacity 6680K, committed 6704K, reserved 1048576K
}
Event: 6.709 GC heap before
{Heap before GC invocations=12 (full 2):
 PSYoungGen      total 253440K, used 174181K [0x00000000d5580000, 0x00000000ec600000, 0x0000000100000000)
  eden space 239104K, 66% used [0x00000000d5580000,0x00000000df19cc48,0x00000000e3f00000)
  from space 14336K, 99% used [0x00000000e3f00000,0x00000000e4cfc828,0x00000000e4d00000)
  to   space 18432K, 0% used [0x00000000eb400000,0x00000000eb400000,0x00000000ec600000)
 ParOldGen       total 68096K, used 19133K [0x0000000080000000, 0x0000000084280000, 0x00000000d5580000)
  object space 68096K, 28% used [0x0000000080000000,0x00000000812af550,0x0000000084280000)
 Metaspace       used 56816K, capacity 59098K, committed 59160K, reserved 1099776K
  class space    used 7779K, capacity 8229K, committed 8240K, reserved 1048576K
Event: 6.737 GC heap after
Heap after GC invocations=12 (full 2):
 PSYoungGen      total 353280K, used 18428K [0x00000000d5580000, 0x00000000ecb80000, 0x0000000100000000)
  eden space 334848K, 0% used [0x00000000d5580000,0x00000000d5580000,0x00000000e9c80000)
  from space 18432K, 99% used [0x00000000eb400000,0x00000000ec5ff320,0x00000000ec600000)
  to   space 24064K, 0% used [0x00000000e9c80000,0x00000000e9c80000,0x00000000eb400000)
 ParOldGen       total 68096K, used 28219K [0x0000000080000000, 0x0000000084280000, 0x00000000d5580000)
  object space 68096K, 41% used [0x0000000080000000,0x0000000081b8ee80,0x0000000084280000)
 Metaspace       used 56816K, capacity 59098K, committed 59160K, reserved 1099776K
  class space    used 7779K, capacity 8229K, committed 8240K, reserved 1048576K
}
Event: 6.737 GC heap before
{Heap before GC invocations=13 (full 3):
 PSYoungGen      total 353280K, used 18428K [0x00000000d5580000, 0x00000000ecb80000, 0x0000000100000000)
  eden space 334848K, 0% used [0x00000000d5580000,0x00000000d5580000,0x00000000e9c80000)
  from space 18432K, 99% used [0x00000000eb400000,0x00000000ec5ff320,0x00000000ec600000)
  to   space 24064K, 0% used [0x00000000e9c80000,0x00000000e9c80000,0x00000000eb400000)
 ParOldGen       total 68096K, used 28219K [0x0000000080000000, 0x0000000084280000, 0x00000000d5580000)
  object space 68096K, 41% used [0x0000000080000000,0x0000000081b8ee80,0x0000000084280000)
 Metaspace       used 56816K, capacity 59098K, committed 59160K, reserved 1099776K
  class space    used 7779K, capacity 8229K, committed 8240K, reserved 1048576K
Event: 6.909 GC heap after
Heap after GC invocations=13 (full 3):
 PSYoungGen      total 353280K, used 0K [0x00000000d5580000, 0x00000000ecb80000, 0x0000000100000000)
  eden space 334848K, 0% used [0x00000000d5580000,0x00000000d5580000,0x00000000e9c80000)
  from space 18432K, 0% used [0x00000000eb400000,0x00000000eb400000,0x00000000ec600000)
  to   space 24064K, 0% used [0x00000000e9c80000,0x00000000e9c80000,0x00000000eb400000)
 ParOldGen       total 107520K, used 39326K [0x0000000080000000, 0x0000000086900000, 0x00000000d5580000)
  object space 107520K, 36% used [0x0000000080000000,0x0000000082667898,0x0000000086900000)
 Metaspace       used 56816K, capacity 59098K, committed 59160K, reserved 1099776K
  class space    used 7779K, capacity 8229K, committed 8240K, reserved 1048576K
}
Event: 9.560 GC heap before
{Heap before GC invocations=14 (full 3):
 PSYoungGen      total 353280K, used 334848K [0x00000000d5580000, 0x00000000ecb80000, 0x0000000100000000)
  eden space 334848K, 100% used [0x00000000d5580000,0x00000000e9c80000,0x00000000e9c80000)
  from space 18432K, 0% used [0x00000000eb400000,0x00000000eb400000,0x00000000ec600000)
  to   space 24064K, 0% used [0x00000000e9c80000,0x00000000e9c80000,0x00000000eb400000)
 ParOldGen       total 107520K, used 39326K [0x0000000080000000, 0x0000000086900000, 0x00000000d5580000)
  object space 107520K, 36% used [0x0000000080000000,0x0000000082667898,0x0000000086900000)
 Metaspace       used 68647K, capacity 71886K, committed 72088K, reserved 1112064K
  class space    used 9447K, capacity 10065K, committed 10160K, reserved 1048576K
Event: 9.579 GC heap after
Heap after GC invocations=14 (full 3):
 PSYoungGen      total 358912K, used 24056K [0x00000000d5580000, 0x00000000f4200000, 0x0000000100000000)
  eden space 334848K, 0% used [0x00000000d5580000,0x00000000d5580000,0x00000000e9c80000)
  from space 24064K, 99% used [0x00000000e9c80000,0x00000000eb3fe118,0x00000000eb400000)
  to   space 28160K, 0% used [0x00000000f2680000,0x00000000f2680000,0x00000000f4200000)
 ParOldGen       total 107520K, used 39464K [0x0000000080000000, 0x0000000086900000, 0x00000000d5580000)
  object space 107520K, 36% used [0x0000000080000000,0x000000008268a150,0x0000000086900000)
 Metaspace       used 68647K, capacity 71886K, committed 72088K, reserved 1112064K
  class space    used 9447K, capacity 10065K, committed 10160K, reserved 1048576K
}
Event: 12.571 GC heap before
{Heap before GC invocations=15 (full 3):
 PSYoungGen      total 358912K, used 358904K [0x00000000d5580000, 0x00000000f4200000, 0x0000000100000000)
  eden space 334848K, 100% used [0x00000000d5580000,0x00000000e9c80000,0x00000000e9c80000)
  from space 24064K, 99% used [0x00000000e9c80000,0x00000000eb3fe118,0x00000000eb400000)
  to   space 28160K, 0% used [0x00000000f2680000,0x00000000f2680000,0x00000000f4200000)
 ParOldGen       total 107520K, used 39464K [0x0000000080000000, 0x0000000086900000, 0x00000000d5580000)
  object space 107520K, 36% used [0x0000000080000000,0x000000008268a150,0x0000000086900000)
 Metaspace       used 88442K, capacity 93154K, committed 93336K, reserved 1130496K
  class space    used 12057K, capacity 12962K, committed 12976K, reserved 1048576K
Event: 12.603 GC heap after
Heap after GC invocations=15 (full 3):
 PSYoungGen      total 459776K, used 21791K [0x00000000d5580000, 0x00000000f3c00000, 0x0000000100000000)
  eden space 437760K, 0% used [0x00000000d5580000,0x00000000d5580000,0x00000000f0100000)
  from space 22016K, 98% used [0x00000000f2680000,0x00000000f3bc7f18,0x00000000f3c00000)
  to   space 30208K, 0% used [0x00000000f0100000,0x00000000f0100000,0x00000000f1e80000)
 ParOldGen       total 107520K, used 53426K [0x0000000080000000, 0x0000000086900000, 0x00000000d5580000)
  object space 107520K, 49% used [0x0000000080000000,0x000000008342c8f0,0x0000000086900000)
 Metaspace       used 88442K, capacity 93154K, committed 93336K, reserved 1130496K
  class space    used 12057K, capacity 12962K, committed 12976K, reserved 1048576K
}

Deoptimization events (10 events):
Event: 156.336 Thread 0x000000002138e800 Uncommon trap: reason=unstable_if action=reinterpret pc=0x000000000329e28c method=org.gradle.internal.logging.text.AbstractLineChoppingStyledTextOutput$2.execute(Lorg/gradle/internal/logging/text/AbstractLineChoppingStyledTextOutput$StateContext;)V @ 30
Event: 156.345 Thread 0x000000002138e800 Uncommon trap: reason=class_check action=maybe_recompile pc=0x0000000002fec6e0 method=java.lang.String.equals(Ljava/lang/Object;)Z @ 8
Event: 156.345 Thread 0x000000002138e800 Uncommon trap: reason=class_check action=maybe_recompile pc=0x0000000002fec6e0 method=java.lang.String.equals(Ljava/lang/Object;)Z @ 8
Event: 156.345 Thread 0x000000002138e800 Uncommon trap: reason=class_check action=maybe_recompile pc=0x0000000002fec6e0 method=java.lang.String.equals(Ljava/lang/Object;)Z @ 8
Event: 156.345 Thread 0x000000002138e800 Uncommon trap: reason=class_check action=maybe_recompile pc=0x0000000002fec6e0 method=java.lang.String.equals(Ljava/lang/Object;)Z @ 8
Event: 156.350 Thread 0x000000002138e800 Uncommon trap: reason=bimorphic action=maybe_recompile pc=0x00000000052d76d0 method=com.google.common.cache.LocalCache$Segment.get(Ljava/lang/Object;I)Ljava/lang/Object; @ 44
Event: 156.350 Thread 0x000000002138e800 Uncommon trap: reason=bimorphic action=maybe_recompile pc=0x00000000052d76d0 method=com.google.common.cache.LocalCache$Segment.get(Ljava/lang/Object;I)Ljava/lang/Object; @ 44
Event: 156.361 Thread 0x000000002138e800 Uncommon trap: reason=class_check action=maybe_recompile pc=0x00000000043481e8 method=java.util.HashMap.removeNode(ILjava/lang/Object;Ljava/lang/Object;ZZ)Ljava/util/HashMap$Node; @ 68
Event: 156.405 Thread 0x0000000021388800 Uncommon trap: reason=unstable_if action=reinterpret pc=0x00000000031585ec method=com.esotericsoftware.kryo.io.Input.require(I)I @ 180
Event: 164.516 Thread 0x000000001e5c4000 Uncommon trap: reason=unstable_if action=reinterpret pc=0x0000000005313a74 method=java.io.ObjectOutputStream.writeOrdinaryObject(Ljava/lang/Object;Ljava/io/ObjectStreamClass;Z)V @ 113

Classes redefined (0 events):
No events

Internal exceptions (10 events):
Event: 156.323 Thread 0x000000002138d000 Exception <a 'java/lang/NoSuchMethodError': <clinit>> (0x00000000e28c8500) thrown at [C:\src\AOSP-openjdk-git\hotspot\src\share\vm\prims\jni.cpp, line 1615]
Event: 156.325 Thread 0x000000002138d000 Exception <a 'java/lang/NoSuchMethodError': <clinit>> (0x00000000e28d7bf0) thrown at [C:\src\AOSP-openjdk-git\hotspot\src\share\vm\prims\jni.cpp, line 1615]
Event: 156.382 Thread 0x000000002138b800 Exception <a 'java/lang/NoSuchMethodError': <clinit>> (0x00000000d6bda420) thrown at [C:\src\AOSP-openjdk-git\hotspot\src\share\vm\prims\jni.cpp, line 1615]
Event: 156.383 Thread 0x000000002138b800 Exception <a 'java/lang/NoSuchMethodError': <clinit>> (0x00000000d6be9d88) thrown at [C:\src\AOSP-openjdk-git\hotspot\src\share\vm\prims\jni.cpp, line 1615]
Event: 156.383 Thread 0x000000002138b800 Exception <a 'java/lang/NoSuchMethodError': <clinit>> (0x00000000d6bec238) thrown at [C:\src\AOSP-openjdk-git\hotspot\src\share\vm\prims\jni.cpp, line 1615]
Event: 156.383 Thread 0x000000002138b800 Exception <a 'java/lang/NoSuchMethodError': <clinit>> (0x00000000d6bfc398) thrown at [C:\src\AOSP-openjdk-git\hotspot\src\share\vm\prims\jni.cpp, line 1615]
Event: 156.384 Thread 0x000000002138b800 Exception <a 'java/lang/NoSuchMethodError': <clinit>> (0x00000000e2b4a580) thrown at [C:\src\AOSP-openjdk-git\hotspot\src\share\vm\prims\jni.cpp, line 1615]
Event: 156.385 Thread 0x000000002138b800 Exception <a 'java/lang/NoSuchMethodError': <clinit>> (0x00000000e2b5d510) thrown at [C:\src\AOSP-openjdk-git\hotspot\src\share\vm\prims\jni.cpp, line 1615]
Event: 156.388 Thread 0x000000002138b800 Exception <a 'java/lang/NoSuchMethodError': <clinit>> (0x00000000e2b76d60) thrown at [C:\src\AOSP-openjdk-git\hotspot\src\share\vm\prims\jni.cpp, line 1615]
Event: 156.388 Thread 0x000000002138b800 Exception <a 'java/lang/NoSuchMethodError': <clinit>> (0x00000000e2b878f0) thrown at [C:\src\AOSP-openjdk-git\hotspot\src\share\vm\prims\jni.cpp, line 1615]

Events (10 events):
Event: 164.495 Thread 0x000000001e5cc800 Thread added: 0x000000001e5cc800
Event: 164.497 Executing VM operation: RevokeBias
Event: 164.497 Executing VM operation: RevokeBias done
Event: 164.498 Executing VM operation: RevokeBias
Event: 164.498 Executing VM operation: RevokeBias done
Event: 164.516 Thread 0x000000001e5c4000 Uncommon trap: trap_request=0xffffff65 fr.pc=0x0000000005313a74
Event: 164.516 Thread 0x000000001e5c4000 DEOPT PACKING pc=0x0000000005313a74 sp=0x000000001d33e7b0
Event: 164.516 Thread 0x000000001e5c4000 DEOPT UNPACKING pc=0x0000000002eb557b sp=0x000000001d33e730 mode 2
Event: 164.520 Executing VM operation: BulkRevokeBias
Event: 164.521 Executing VM operation: BulkRevokeBias done


Dynamic libraries:
0x00007ff798ed0000 - 0x00007ff798f01000 	C:\Program Files\Android\Android Studio\jre\bin\java.exe
0x00007ffc15b50000 - 0x00007ffc15d45000 	C:\Windows\SYSTEM32\ntdll.dll
0x00007ffc15660000 - 0x00007ffc1571d000 	C:\Windows\System32\KERNEL32.DLL
0x00007ffc13400000 - 0x00007ffc136c9000 	C:\Windows\System32\KERNELBASE.dll
0x00007ffc15a00000 - 0x00007ffc15aac000 	C:\Windows\System32\ADVAPI32.dll
0x00007ffc15ab0000 - 0x00007ffc15b4e000 	C:\Windows\System32\msvcrt.dll
0x00007ffc13bf0000 - 0x00007ffc13c8c000 	C:\Windows\System32\sechost.dll
0x00007ffc158d0000 - 0x00007ffc159fb000 	C:\Windows\System32\RPCRT4.dll
0x00007ffc154c0000 - 0x00007ffc15660000 	C:\Windows\System32\USER32.dll
0x00007ffc132d0000 - 0x00007ffc132f2000 	C:\Windows\System32\win32u.dll
0x00007ffc15370000 - 0x00007ffc1539a000 	C:\Windows\System32\GDI32.dll
0x00007ffc136d0000 - 0x00007ffc137db000 	C:\Windows\System32\gdi32full.dll
0x00007ffc139f0000 - 0x00007ffc13a8d000 	C:\Windows\System32\msvcp_win.dll
0x00007ffc13300000 - 0x00007ffc13400000 	C:\Windows\System32\ucrtbase.dll
0x00007ffbfff10000 - 0x00007ffc001aa000 	C:\Windows\WinSxS\amd64_microsoft.windows.common-controls_6595b64144ccf1df_6.0.19041.844_none_ca00b6081b84eb1d\COMCTL32.dll
0x00007ffc157e0000 - 0x00007ffc15810000 	C:\Windows\System32\IMM32.DLL
0x0000000074dd0000 - 0x0000000074ea2000 	C:\Program Files\Android\Android Studio\jre\jre\bin\msvcr100.dll
0x0000000074f90000 - 0x00000000757db000 	C:\Program Files\Android\Android Studio\jre\jre\bin\server\jvm.dll
0x00007ffc15040000 - 0x00007ffc15048000 	C:\Windows\System32\PSAPI.DLL
0x00007ffc07d00000 - 0x00007ffc07d0a000 	C:\Windows\SYSTEM32\VERSION.dll
0x00007ffbf3e80000 - 0x00007ffbf3ea7000 	C:\Windows\SYSTEM32\WINMM.dll
0x00007ffc003a0000 - 0x00007ffc003a9000 	C:\Windows\SYSTEM32\WSOCK32.dll
0x00007ffc15210000 - 0x00007ffc1527b000 	C:\Windows\System32\ws2_32.DLL
0x00007ffbf8ea0000 - 0x00007ffbf8eaf000 	C:\Program Files\Android\Android Studio\jre\jre\bin\verify.dll
0x00007ffbd1ef0000 - 0x00007ffbd1f19000 	C:\Program Files\Android\Android Studio\jre\jre\bin\java.dll
0x00007ffbf65b0000 - 0x00007ffbf65c6000 	C:\Program Files\Android\Android Studio\jre\jre\bin\zip.dll
0x00007ffc148f0000 - 0x00007ffc15032000 	C:\Windows\System32\SHELL32.dll
0x00007ffc11450000 - 0x00007ffc11be0000 	C:\Windows\SYSTEM32\windows.storage.dll
0x00007ffc14240000 - 0x00007ffc14595000 	C:\Windows\System32\combase.dll
0x00007ffc12c70000 - 0x00007ffc12c9c000 	C:\Windows\SYSTEM32\Wldp.dll
0x00007ffc14630000 - 0x00007ffc146de000 	C:\Windows\System32\SHCORE.dll
0x00007ffc141e0000 - 0x00007ffc14235000 	C:\Windows\System32\shlwapi.dll
0x00007ffc13210000 - 0x00007ffc1322f000 	C:\Windows\SYSTEM32\profapi.dll
0x00007ffbd1ed0000 - 0x00007ffbd1eea000 	C:\Program Files\Android\Android Studio\jre\jre\bin\net.dll
0x00007ffc129f0000 - 0x00007ffc12a5a000 	C:\Windows\system32\mswsock.dll
0x00007ffbd1eb0000 - 0x00007ffbd1ec3000 	C:\Program Files\Android\Android Studio\jre\jre\bin\nio.dll
0x00007ffbd14b0000 - 0x00007ffbd14d7000 	C:\Users\Geiger\.gradle\native\f6784746aeab05261644944871eae4fe03e0ef1612fff0a4a95f87b438bc6780\windows-amd64\native-platform.dll
0x00007ffbf76e0000 - 0x00007ffbf76ed000 	C:\Program Files\Android\Android Studio\jre\jre\bin\management.dll
0x00007ffc12bc0000 - 0x00007ffc12bd8000 	C:\Windows\SYSTEM32\CRYPTSP.dll
0x00007ffc12390000 - 0x00007ffc123c4000 	C:\Windows\system32\rsaenh.dll
0x00007ffc137e0000 - 0x00007ffc13807000 	C:\Windows\System32\bcrypt.dll
0x00007ffc13190000 - 0x00007ffc131be000 	C:\Windows\SYSTEM32\USERENV.dll
0x00007ffc13870000 - 0x00007ffc138f0000 	C:\Windows\System32\bcryptprimitives.dll
0x00007ffc12be0000 - 0x00007ffc12bec000 	C:\Windows\SYSTEM32\CRYPTBASE.dll
0x00007ffc126e0000 - 0x00007ffc1271b000 	C:\Windows\SYSTEM32\IPHLPAPI.DLL
0x00007ffc14620000 - 0x00007ffc14628000 	C:\Windows\System32\NSI.dll
0x00007ffc0e070000 - 0x00007ffc0e087000 	C:\Windows\SYSTEM32\dhcpcsvc6.DLL
0x00007ffc0e020000 - 0x00007ffc0e03d000 	C:\Windows\SYSTEM32\dhcpcsvc.DLL
0x00007ffc12720000 - 0x00007ffc127eb000 	C:\Windows\SYSTEM32\DNSAPI.dll
0x00007ffc0e0c0000 - 0x00007ffc0e0cb000 	C:\Windows\SYSTEM32\WINNSI.DLL

VM Arguments:
jvm_args: -Xmx2048m -Dfile.encoding=UTF-8 -Duser.country=BR -Duser.language=pt -Duser.variant 
java_command: org.gradle.launcher.daemon.bootstrap.GradleDaemon 6.5
java_class_path (initial): C:\Users\Geiger\.gradle\wrapper\dists\gradle-6.5-bin\6nifqtx7604sqp1q6g8wikw7p\gradle-6.5\lib\gradle-launcher-6.5.jar
Launcher Type: SUN_STANDARD

Environment Variables:
PATH=C:\Program Files\Common Files\Oracle\Java\javapath;C:\Windows\system32;C:\Windows;C:\Windows\System32\Wbem;C:\Windows\System32\WindowsPowerShell\v1.0\;C:\Users\Geiger\AppData\Local\Microsoft\WindowsApps;C:\Users\Geiger\AppData\Local\GitHubDesktop\bin
USERNAME=Geiger
OS=Windows_NT
PROCESSOR_IDENTIFIER=Intel64 Family 6 Model 158 Stepping 9, GenuineIntel



---------------  S Y S T E M  ---------------

OS: Windows 10.0 , 64 bit Build 19041 (10.0.19041.804)

CPU:total 4 (initial active 4) (4 cores per cpu, 1 threads per core) family 6 model 158 stepping 9, cmov, cx8, fxsr, mmx, sse, sse2, sse3, ssse3, sse4.1, sse4.2, popcnt, avx, avx2, aes, clmul, erms, 3dnowpref, lzcnt, tsc, tscinvbit, bmi1, bmi2, adx

Memory: 4k page, physical 8272608k(520564k free), swap 8272608k(5560k free)

vm_info: OpenJDK 64-Bit Server VM (25.242-b01) for windows-amd64 JRE (1.8.0_242-release-1644-b01), built by "builder" with MS VC++ 10.0 (VS2010)

time: Tue Apr 20 19:59:37 2021
timezone: Hora oficial do Brasil
elapsed time: 164 seconds (0d 0h 2m 44s)

